{"numTotalTestSuites":2,"numPassedTestSuites":2,"numFailedTestSuites":0,"numPendingTestSuites":0,"numTotalTests":1,"numPassedTests":1,"numFailedTests":0,"numPendingTests":0,"numTodoTests":0,"snapshot":{"added":0,"failure":false,"filesAdded":0,"filesRemoved":0,"filesRemovedList":[],"filesUnmatched":0,"filesUpdated":0,"matched":0,"total":0,"unchecked":0,"uncheckedKeysByFile":[],"unmatched":0,"updated":0,"didUpdate":false},"startTime":1782924890558,"success":true,"testResults":[{"assertionResults":[{"ancestorTitles":["FilterEngine"],"fullName":"FilterEngine renders filter sections without hook-order errors","status":"passed","title":"renders filter sections without hook-order errors","duration":166.7213999999999,"failureMessages":[],"meta":{},"tags":[]}],"startTime":1782924894406,"endTime":1782924894572.7214,"status":"passed","message":"","name":"C:/denfit-ecommerce 3/frontend/src/components/FilterEngine/FilterEngine.test.tsx"}]}